# JRE version: OpenJDK Runtime Environment Temurin-17.0.4.1+1 (17.0.4.1+1) (build 17.0.4.1+1)
# Java VM: OpenJDK 64-Bit Server VM Temurin-17.0.4.1+1 (17.0.4.1+1, mixed mode, emulated-client, tiered, compressed oops, compressed class ptrs, g1 gc, windows-amd64)
GC Precious Log:
 CPUs: 4 total, 4 available
 Memory: 3521M
 Large Page Support: Disabled
 NUMA Support: Disabled
 Compressed Oops: Enabled (32-bit)
 Heap Region Size: 1M
 Heap Min Capacity: 8M
 Heap Initial Capacity: 56M
 Heap Max Capacity: 882M
 Pre-touch: Disabled
 Parallel Workers: 4
 Concurrent Workers: 1
 Concurrent Refinement Workers: 4
 Periodic GC: Disabled
Heap:
 garbage-first heap   total 54272K, used 19371K [0x00000000c8e00000, 0x0000000100000000)
  region size 1024K, 2 young (2048K), 1 survivors (1024K)
 Metaspace       used 35910K, committed 36288K, reserved 1081344K
  class space    used 4527K, committed 4736K, reserved 1048576K
GC Heap History (20 events):
Event: 1.535 GC heap before
{Heap before GC invocations=0 (full 0):
 garbage-first heap   total 57344K, used 13312K [0x00000000c8e00000, 0x0000000100000000)
  region size 1024K, 13 young (13312K), 0 survivors (0K)
 Metaspace       used 12425K, committed 12608K, reserved 1064960K
  class space    used 1264K, committed 1344K, reserved 1048576K
}
Event: 1.548 GC heap after
{Heap after GC invocations=1 (full 0):
 garbage-first heap   total 57344K, used 7702K [0x00000000c8e00000, 0x0000000100000000)
  region size 1024K, 2 young (2048K), 2 survivors (2048K)
 Metaspace       used 12425K, committed 12608K, reserved 1064960K
  class space    used 1264K, committed 1344K, reserved 1048576K
}
Event: 1.907 GC heap before
{Heap before GC invocations=1 (full 0):
 garbage-first heap   total 57344K, used 13846K [0x00000000c8e00000, 0x0000000100000000)
  region size 1024K, 9 young (9216K), 2 survivors (2048K)
 Metaspace       used 15191K, committed 15424K, reserved 1064960K
  class space    used 1606K, committed 1728K, reserved 1048576K
}
Event: 1.915 GC heap after
{Heap after GC invocations=2 (full 0):
 garbage-first heap   total 57344K, used 9390K [0x00000000c8e00000, 0x0000000100000000)
  region size 1024K, 2 young (2048K), 2 survivors (2048K)
 Metaspace       used 15191K, committed 15424K, reserved 1064960K
  class space    used 1606K, committed 1728K, reserved 1048576K
}
Event: 2.658 GC heap before
{Heap before GC invocations=2 (full 0):
 garbage-first heap   total 57344K, used 23726K [0x00000000c8e00000, 0x0000000100000000)
  region size 1024K, 17 young (17408K), 2 survivors (2048K)
 Metaspace       used 19216K, committed 19520K, reserved 1073152K
  class space    used 2218K, committed 2368K, reserved 1048576K
}
Event: 2.665 GC heap after
{Heap after GC invocations=3 (full 0):
 garbage-first heap   total 57344K, used 10795K [0x00000000c8e00000, 0x0000000100000000)
  region size 1024K, 3 young (3072K), 3 survivors (3072K)
 Metaspace       used 19216K, committed 19520K, reserved 1073152K
  class space    used 2218K, committed 2368K, reserved 1048576K
}
Event: 2.812 GC heap before
{Heap before GC invocations=3 (full 0):
 garbage-first heap   total 57344K, used 16939K [0x00000000c8e00000, 0x0000000100000000)
  region size 1024K, 11 young (11264K), 3 survivors (3072K)
 Metaspace       used 21306K, committed 21504K, reserved 1073152K
  class space    used 2458K, committed 2560K, reserved 1048576K
}
Event: 2.819 GC heap after
{Heap after GC invocations=4 (full 0):
 garbage-first heap   total 57344K, used 11162K [0x00000000c8e00000, 0x0000000100000000)
  region size 1024K, 2 young (2048K), 2 survivors (2048K)
 Metaspace       used 21306K, committed 21504K, reserved 1073152K
  class space    used 2458K, committed 2560K, reserved 1048576K
}
Event: 3.432 GC heap before
{Heap before GC invocations=5 (full 0):
 garbage-first heap   total 45056K, used 33690K [0x00000000c8e00000, 0x0000000100000000)
  region size 1024K, 26 young (26624K), 2 survivors (2048K)
 Metaspace       used 25656K, committed 25984K, reserved 1073152K
  class space    used 3060K, committed 3200K, reserved 1048576K
}
Event: 3.439 GC heap after
{Heap after GC invocations=6 (full 0):
 garbage-first heap   total 45056K, used 12110K [0x00000000c8e00000, 0x0000000100000000)
  region size 1024K, 3 young (3072K), 3 survivors (3072K)
 Metaspace       used 25656K, committed 25984K, reserved 1073152K
  class space    used 3060K, committed 3200K, reserved 1048576K
}
Event: 3.761 GC heap before
{Heap before GC invocations=6 (full 0):
 garbage-first heap   total 45056K, used 28494K [0x00000000c8e00000, 0x0000000100000000)
  region size 1024K, 20 young (20480K), 3 survivors (3072K)
 Metaspace       used 26652K, committed 26944K, reserved 1073152K
  class space    used 3176K, committed 3328K, reserved 1048576K
}
Event: 3.771 GC heap after
{Heap after GC invocations=7 (full 0):
 garbage-first heap   total 45056K, used 13627K [0x00000000c8e00000, 0x0000000100000000)
  region size 1024K, 3 young (3072K), 3 survivors (3072K)
 Metaspace       used 26652K, committed 26944K, reserved 1073152K
  class space    used 3176K, committed 3328K, reserved 1048576K
}
Event: 4.247 GC heap before
{Heap before GC invocations=7 (full 0):
 garbage-first heap   total 45056K, used 30011K [0x00000000c8e00000, 0x0000000100000000)
  region size 1024K, 19 young (19456K), 3 survivors (3072K)
 Metaspace       used 28017K, committed 28352K, reserved 1081344K
  class space    used 3398K, committed 3520K, reserved 1048576K
}
Event: 4.256 GC heap after
{Heap after GC invocations=8 (full 0):
 garbage-first heap   total 54272K, used 14321K [0x00000000c8e00000, 0x0000000100000000)
  region size 1024K, 3 young (3072K), 3 survivors (3072K)
 Metaspace       used 28017K, committed 28352K, reserved 1081344K
  class space    used 3398K, committed 3520K, reserved 1048576K
}
Event: 5.043 GC heap before
{Heap before GC invocations=8 (full 0):
 garbage-first heap   total 54272K, used 37873K [0x00000000c8e00000, 0x0000000100000000)
  region size 1024K, 26 young (26624K), 3 survivors (3072K)
 Metaspace       used 31383K, committed 31680K, reserved 1081344K
  class space    used 3910K, committed 4032K, reserved 1048576K
}
Event: 5.054 GC heap after
{Heap after GC invocations=9 (full 0):
 garbage-first heap   total 54272K, used 16110K [0x00000000c8e00000, 0x0000000100000000)
  region size 1024K, 4 young (4096K), 4 survivors (4096K)
 Metaspace       used 31383K, committed 31680K, reserved 1081344K
  class space    used 3910K, committed 4032K, reserved 1048576K
}
Event: 5.779 GC heap before
{Heap before GC invocations=9 (full 0):
 garbage-first heap   total 54272K, used 38638K [0x00000000c8e00000, 0x0000000100000000)
  region size 1024K, 27 young (27648K), 4 survivors (4096K)
 Metaspace       used 35329K, committed 35648K, reserved 1081344K
  class space    used 4439K, committed 4608K, reserved 1048576K
}
Event: 5.792 GC heap after
{Heap after GC invocations=10 (full 0):
 garbage-first heap   total 54272K, used 18415K [0x00000000c8e00000, 0x0000000100000000)
  region size 1024K, 4 young (4096K), 4 survivors (4096K)
 Metaspace       used 35329K, committed 35648K, reserved 1081344K
  class space    used 4439K, committed 4608K, reserved 1048576K
}
Event: 5.907 GC heap before
{Heap before GC invocations=10 (full 0):
 garbage-first heap   total 54272K, used 22511K [0x00000000c8e00000, 0x0000000100000000)
  region size 1024K, 9 young (9216K), 4 survivors (4096K)
 Metaspace       used 35785K, committed 36096K, reserved 1081344K
  class space    used 4506K, committed 4672K, reserved 1048576K
}
Event: 5.918 GC heap after
{Heap after GC invocations=11 (full 0):
 garbage-first heap   total 54272K, used 19371K [0x00000000c8e00000, 0x0000000100000000)
  region size 1024K, 1 young (1024K), 1 survivors (1024K)
 Metaspace       used 35785K, committed 36096K, reserved 1081344K
  class space    used 4506K, committed 4672K, reserved 1048576K
}

