# JRE version: OpenJDK Runtime Environment Temurin-17.0.4.1+1 (17.0.4.1+1) (build 17.0.4.1+1)
# Java VM: OpenJDK 64-Bit Server VM Temurin-17.0.4.1+1 (17.0.4.1+1, mixed mode, tiered, compressed oops, compressed class ptrs, g1 gc, windows-amd64)
GC Precious Log:
 CPUs: 4 total, 4 available
 Memory: 3521M
 Large Page Support: Disabled
 NUMA Support: Disabled
 Compressed Oops: Enabled (32-bit)
 Heap Region Size: 1M
 Heap Min Capacity: 8M
 Heap Initial Capacity: 56M
 Heap Max Capacity: 882M
 Pre-touch: Disabled
 Parallel Workers: 4
 Concurrent Workers: 1
 Concurrent Refinement Workers: 4
 Periodic GC: Disabled
Heap:
 garbage-first heap   total 62464K, used 39843K [0x00000000c8e00000, 0x0000000100000000)
  region size 1024K, 20 young (20480K), 1 survivors (1024K)
 Metaspace       used 57161K, committed 57536K, reserved 1105920K
  class space    used 6668K, committed 6848K, reserved 1048576K
GC Heap History (20 events):
Event: 49.962 GC heap before
{Heap before GC invocations=34 (full 0):
 garbage-first heap   total 40960K, used 33465K [0x00000000c8e00000, 0x0000000100000000)
  region size 1024K, 17 young (17408K), 2 survivors (2048K)
 Metaspace       used 47024K, committed 47424K, reserved 1097728K
  class space    used 5429K, committed 5632K, reserved 1048576K
}
Event: 49.971 GC heap after
{Heap after GC invocations=35 (full 0):
 garbage-first heap   total 40960K, used 18864K [0x00000000c8e00000, 0x0000000100000000)
  region size 1024K, 3 young (3072K), 3 survivors (3072K)
 Metaspace       used 47024K, committed 47424K, reserved 1097728K
  class space    used 5429K, committed 5632K, reserved 1048576K
}
Event: 50.383 GC heap before
{Heap before GC invocations=35 (full 0):
 garbage-first heap   total 40960K, used 32176K [0x00000000c8e00000, 0x0000000100000000)
  region size 1024K, 16 young (16384K), 3 survivors (3072K)
 Metaspace       used 47699K, committed 48064K, reserved 1097728K
  class space    used 5499K, committed 5696K, reserved 1048576K
}
Event: 50.400 GC heap after
{Heap after GC invocations=36 (full 0):
 garbage-first heap   total 40960K, used 19312K [0x00000000c8e00000, 0x0000000100000000)
  region size 1024K, 2 young (2048K), 2 survivors (2048K)
 Metaspace       used 47699K, committed 48064K, reserved 1097728K
  class space    used 5499K, committed 5696K, reserved 1048576K
}
Event: 50.678 GC heap before
{Heap before GC invocations=36 (full 0):
 garbage-first heap   total 40960K, used 32624K [0x00000000c8e00000, 0x0000000100000000)
  region size 1024K, 15 young (15360K), 2 survivors (2048K)
 Metaspace       used 48297K, committed 48640K, reserved 1097728K
  class space    used 5592K, committed 5760K, reserved 1048576K
}
Event: 50.682 GC heap after
{Heap after GC invocations=37 (full 0):
 garbage-first heap   total 40960K, used 20002K [0x00000000c8e00000, 0x0000000100000000)
  region size 1024K, 2 young (2048K), 2 survivors (2048K)
 Metaspace       used 48297K, committed 48640K, reserved 1097728K
  class space    used 5592K, committed 5760K, reserved 1048576K
}
Event: 51.008 GC heap before
{Heap before GC invocations=38 (full 0):
 garbage-first heap   total 48128K, used 33314K [0x00000000c8e00000, 0x0000000100000000)
  region size 1024K, 15 young (15360K), 2 survivors (2048K)
 Metaspace       used 48963K, committed 49344K, reserved 1097728K
  class space    used 5642K, committed 5824K, reserved 1048576K
}
Event: 51.019 GC heap after
{Heap after GC invocations=39 (full 0):
 garbage-first heap   total 48128K, used 19748K [0x00000000c8e00000, 0x0000000100000000)
  region size 1024K, 1 young (1024K), 1 survivors (1024K)
 Metaspace       used 48963K, committed 49344K, reserved 1097728K
  class space    used 5642K, committed 5824K, reserved 1048576K
}
Event: 51.660 GC heap before
{Heap before GC invocations=39 (full 0):
 garbage-first heap   total 48128K, used 39204K [0x00000000c8e00000, 0x0000000100000000)
  region size 1024K, 20 young (20480K), 1 survivors (1024K)
 Metaspace       used 49907K, committed 50304K, reserved 1097728K
  class space    used 5767K, committed 5952K, reserved 1048576K
}
Event: 51.663 GC heap after
{Heap after GC invocations=40 (full 0):
 garbage-first heap   total 48128K, used 19904K [0x00000000c8e00000, 0x0000000100000000)
  region size 1024K, 1 young (1024K), 1 survivors (1024K)
 Metaspace       used 49907K, committed 50304K, reserved 1097728K
  class space    used 5767K, committed 5952K, reserved 1048576K
}
Event: 56.107 GC heap before
{Heap before GC invocations=40 (full 0):
 garbage-first heap   total 48128K, used 39360K [0x00000000c8e00000, 0x0000000100000000)
  region size 1024K, 20 young (20480K), 1 survivors (1024K)
 Metaspace       used 51204K, committed 51520K, reserved 1097728K
  class space    used 5992K, committed 6144K, reserved 1048576K
}
Event: 56.113 GC heap after
{Heap after GC invocations=41 (full 0):
 garbage-first heap   total 48128K, used 20140K [0x00000000c8e00000, 0x0000000100000000)
  region size 1024K, 1 young (1024K), 1 survivors (1024K)
 Metaspace       used 51204K, committed 51520K, reserved 1097728K
  class space    used 5992K, committed 6144K, reserved 1048576K
}
Event: 60.107 GC heap before
{Heap before GC invocations=41 (full 0):
 garbage-first heap   total 48128K, used 39596K [0x00000000c8e00000, 0x0000000100000000)
  region size 1024K, 20 young (20480K), 1 survivors (1024K)
 Metaspace       used 52202K, committed 52544K, reserved 1097728K
  class space    used 6144K, committed 6336K, reserved 1048576K
}
Event: 60.111 GC heap after
{Heap after GC invocations=42 (full 0):
 garbage-first heap   total 48128K, used 20543K [0x00000000c8e00000, 0x0000000100000000)
  region size 1024K, 2 young (2048K), 2 survivors (2048K)
 Metaspace       used 52202K, committed 52544K, reserved 1097728K
  class space    used 6144K, committed 6336K, reserved 1048576K
}
Event: 60.923 GC heap before
{Heap before GC invocations=42 (full 0):
 garbage-first heap   total 48128K, used 38975K [0x00000000c8e00000, 0x0000000100000000)
  region size 1024K, 20 young (20480K), 2 survivors (2048K)
 Metaspace       used 53081K, committed 53440K, reserved 1097728K
  class space    used 6225K, committed 6400K, reserved 1048576K
}
Event: 60.926 GC heap after
{Heap after GC invocations=43 (full 0):
 garbage-first heap   total 48128K, used 21054K [0x00000000c8e00000, 0x0000000100000000)
  region size 1024K, 2 young (2048K), 2 survivors (2048K)
 Metaspace       used 53081K, committed 53440K, reserved 1097728K
  class space    used 6225K, committed 6400K, reserved 1048576K
}
Event: 61.121 GC heap before
{Heap before GC invocations=43 (full 0):
 garbage-first heap   total 48128K, used 39486K [0x00000000c8e00000, 0x0000000100000000)
  region size 1024K, 20 young (20480K), 2 survivors (2048K)
 Metaspace       used 53800K, committed 54208K, reserved 1097728K
  class space    used 6289K, committed 6464K, reserved 1048576K
}
Event: 61.125 GC heap after
{Heap after GC invocations=44 (full 0):
 garbage-first heap   total 48128K, used 21842K [0x00000000c8e00000, 0x0000000100000000)
  region size 1024K, 3 young (3072K), 3 survivors (3072K)
 Metaspace       used 53800K, committed 54208K, reserved 1097728K
  class space    used 6289K, committed 6464K, reserved 1048576K
}
Event: 61.366 GC heap before
{Heap before GC invocations=44 (full 0):
 garbage-first heap   total 48128K, used 37202K [0x00000000c8e00000, 0x0000000100000000)
  region size 1024K, 19 young (19456K), 3 survivors (3072K)
 Metaspace       used 54523K, committed 54848K, reserved 1097728K
  class space    used 6363K, committed 6528K, reserved 1048576K
}
Event: 61.373 GC heap after
{Heap after GC invocations=45 (full 0):
 garbage-first heap   total 62464K, used 21411K [0x00000000c8e00000, 0x0000000100000000)
  region size 1024K, 1 young (1024K), 1 survivors (1024K)
 Metaspace       used 54523K, committed 54848K, reserved 1097728K
  class space    used 6363K, committed 6528K, reserved 1048576K
}

